[24-Apr-2014 18:06:09 UTC] PHP Warning:  Invalid callback CDbHttpSession::_writeSession, cannot access protected method CDbHttpSession::_writeSession() in Unknown on line 0
[24-Apr-2014 18:06:09 UTC] PHP Warning:  Unknown: Failed to write session data (user). Please verify that the current setting of session.save_path is correct () in Unknown on line 0
[24-Apr-2014 18:06:09 UTC] PHP Warning:  Invalid callback CDbHttpSession::_closeSession, cannot access protected method CDbHttpSession::_closeSession() in Unknown on line 0
[24-Apr-2014 18:06:14 UTC] PHP Warning:  Invalid callback CDbHttpSession::_writeSession, cannot access protected method CDbHttpSession::_writeSession() in Unknown on line 0
[24-Apr-2014 18:06:14 UTC] PHP Warning:  Unknown: Failed to write session data (user). Please verify that the current setting of session.save_path is correct () in Unknown on line 0
[24-Apr-2014 18:06:14 UTC] PHP Warning:  Invalid callback CDbHttpSession::_closeSession, cannot access protected method CDbHttpSession::_closeSession() in Unknown on line 0
[24-Apr-2014 18:06:16 UTC] PHP Warning:  Invalid callback CDbHttpSession::_writeSession, cannot access protected method CDbHttpSession::_writeSession() in Unknown on line 0
[24-Apr-2014 18:06:16 UTC] PHP Warning:  Unknown: Failed to write session data (user). Please verify that the current setting of session.save_path is correct () in Unknown on line 0
[24-Apr-2014 18:06:16 UTC] PHP Warning:  Invalid callback CDbHttpSession::_closeSession, cannot access protected method CDbHttpSession::_closeSession() in Unknown on line 0
[29-Apr-2014 11:53:46 UTC] PHP Warning:  Missing argument 1 for LanguagesController::changeAction() in C:\Program Files (x86)\Zend\Apache2\htdocs\php-mvc\apphp\restaurant\protected\controllers\LanguagesController.php on line 48
[03-May-2014 15:50:01 UTC] PHP Notice:  Trying to get property of non-object in C:\Program Files (x86)\Zend\Apache2\htdocs\php-mvc\apphp\restaurant\protected\components\Bootstrap.php on line 63
[03-May-2014 15:50:01 UTC] PHP Notice:  Trying to get property of non-object in C:\Program Files (x86)\Zend\Apache2\htdocs\php-mvc\apphp\restaurant\protected\components\Bootstrap.php on line 121
[03-May-2014 15:50:01 UTC] PHP Notice:  Trying to get property of non-object in C:\Program Files (x86)\Zend\Apache2\htdocs\php-mvc\apphp\restaurant\protected\components\Bootstrap.php on line 123
[03-May-2014 15:50:01 UTC] PHP Notice:  Trying to get property of non-object in C:\Program Files (x86)\Zend\Apache2\htdocs\php-mvc\apphp\restaurant\protected\components\Bootstrap.php on line 125
[03-May-2014 15:50:02 UTC] PHP Notice:  Trying to get property of non-object in C:\Program Files (x86)\Zend\Apache2\htdocs\php-mvc\apphp\restaurant\protected\components\Bootstrap.php on line 63
[03-May-2014 15:50:02 UTC] PHP Notice:  Trying to get property of non-object in C:\Program Files (x86)\Zend\Apache2\htdocs\php-mvc\apphp\restaurant\protected\components\Bootstrap.php on line 121
[03-May-2014 15:50:02 UTC] PHP Notice:  Trying to get property of non-object in C:\Program Files (x86)\Zend\Apache2\htdocs\php-mvc\apphp\restaurant\protected\components\Bootstrap.php on line 123
[03-May-2014 15:50:02 UTC] PHP Notice:  Trying to get property of non-object in C:\Program Files (x86)\Zend\Apache2\htdocs\php-mvc\apphp\restaurant\protected\components\Bootstrap.php on line 125
[03-May-2014 15:50:02 UTC] PHP Fatal error:  Call to a member function getFieldsAsArray() on a non-object in C:\Program Files (x86)\Zend\Apache2\htdocs\php-mvc\apphp\restaurant\protected\components\Bootstrap.php on line 143
[03-May-2014 15:50:07 UTC] PHP Notice:  Trying to get property of non-object in C:\Program Files (x86)\Zend\Apache2\htdocs\php-mvc\apphp\restaurant\protected\components\Bootstrap.php on line 63
[03-May-2014 15:50:07 UTC] PHP Notice:  Trying to get property of non-object in C:\Program Files (x86)\Zend\Apache2\htdocs\php-mvc\apphp\restaurant\protected\components\Bootstrap.php on line 121
[03-May-2014 15:50:07 UTC] PHP Notice:  Trying to get property of non-object in C:\Program Files (x86)\Zend\Apache2\htdocs\php-mvc\apphp\restaurant\protected\components\Bootstrap.php on line 123
[03-May-2014 15:50:07 UTC] PHP Notice:  Trying to get property of non-object in C:\Program Files (x86)\Zend\Apache2\htdocs\php-mvc\apphp\restaurant\protected\components\Bootstrap.php on line 125
[03-May-2014 15:50:07 UTC] PHP Notice:  Trying to get property of non-object in C:\Program Files (x86)\Zend\Apache2\htdocs\php-mvc\apphp\restaurant\protected\components\Bootstrap.php on line 63
[03-May-2014 15:50:07 UTC] PHP Notice:  Trying to get property of non-object in C:\Program Files (x86)\Zend\Apache2\htdocs\php-mvc\apphp\restaurant\protected\components\Bootstrap.php on line 121
[03-May-2014 15:50:07 UTC] PHP Notice:  Trying to get property of non-object in C:\Program Files (x86)\Zend\Apache2\htdocs\php-mvc\apphp\restaurant\protected\components\Bootstrap.php on line 123
[03-May-2014 15:50:07 UTC] PHP Notice:  Trying to get property of non-object in C:\Program Files (x86)\Zend\Apache2\htdocs\php-mvc\apphp\restaurant\protected\components\Bootstrap.php on line 125
[03-May-2014 15:50:08 UTC] PHP Notice:  Trying to get property of non-object in C:\Program Files (x86)\Zend\Apache2\htdocs\php-mvc\apphp\restaurant\protected\components\Bootstrap.php on line 63
[03-May-2014 15:50:08 UTC] PHP Notice:  Trying to get property of non-object in C:\Program Files (x86)\Zend\Apache2\htdocs\php-mvc\apphp\restaurant\protected\components\Bootstrap.php on line 121
[03-May-2014 15:50:08 UTC] PHP Notice:  Trying to get property of non-object in C:\Program Files (x86)\Zend\Apache2\htdocs\php-mvc\apphp\restaurant\protected\components\Bootstrap.php on line 123
[03-May-2014 15:50:08 UTC] PHP Notice:  Trying to get property of non-object in C:\Program Files (x86)\Zend\Apache2\htdocs\php-mvc\apphp\restaurant\protected\components\Bootstrap.php on line 125
[04-May-2014 04:46:38 UTC] PHP Notice:  Trying to get property of non-object in C:\Program Files (x86)\Zend\Apache2\htdocs\php-mvc\apphp\restaurant\protected\components\Bootstrap.php on line 63
[04-May-2014 04:46:38 UTC] PHP Notice:  Trying to get property of non-object in C:\Program Files (x86)\Zend\Apache2\htdocs\php-mvc\apphp\restaurant\protected\components\Bootstrap.php on line 121
[04-May-2014 04:46:38 UTC] PHP Notice:  Trying to get property of non-object in C:\Program Files (x86)\Zend\Apache2\htdocs\php-mvc\apphp\restaurant\protected\components\Bootstrap.php on line 123
[04-May-2014 04:46:38 UTC] PHP Notice:  Trying to get property of non-object in C:\Program Files (x86)\Zend\Apache2\htdocs\php-mvc\apphp\restaurant\protected\components\Bootstrap.php on line 125
[04-May-2014 04:46:38 UTC] PHP Notice:  Trying to get property of non-object in C:\Program Files (x86)\Zend\Apache2\htdocs\php-mvc\apphp\restaurant\protected\components\Bootstrap.php on line 63
[04-May-2014 04:46:38 UTC] PHP Notice:  Trying to get property of non-object in C:\Program Files (x86)\Zend\Apache2\htdocs\php-mvc\apphp\restaurant\protected\components\Bootstrap.php on line 121
[04-May-2014 04:46:38 UTC] PHP Notice:  Trying to get property of non-object in C:\Program Files (x86)\Zend\Apache2\htdocs\php-mvc\apphp\restaurant\protected\components\Bootstrap.php on line 123
[04-May-2014 04:46:38 UTC] PHP Notice:  Trying to get property of non-object in C:\Program Files (x86)\Zend\Apache2\htdocs\php-mvc\apphp\restaurant\protected\components\Bootstrap.php on line 125
[04-May-2014 04:46:38 UTC] PHP Fatal error:  Call to a member function getFieldsAsArray() on a non-object in C:\Program Files (x86)\Zend\Apache2\htdocs\php-mvc\apphp\restaurant\protected\components\Bootstrap.php on line 143
[04-May-2014 04:46:42 UTC] PHP Notice:  Trying to get property of non-object in C:\Program Files (x86)\Zend\Apache2\htdocs\php-mvc\apphp\restaurant\protected\components\Bootstrap.php on line 63
[04-May-2014 04:46:42 UTC] PHP Notice:  Trying to get property of non-object in C:\Program Files (x86)\Zend\Apache2\htdocs\php-mvc\apphp\restaurant\protected\components\Bootstrap.php on line 121
[04-May-2014 04:46:42 UTC] PHP Notice:  Trying to get property of non-object in C:\Program Files (x86)\Zend\Apache2\htdocs\php-mvc\apphp\restaurant\protected\components\Bootstrap.php on line 123
[04-May-2014 04:46:42 UTC] PHP Notice:  Trying to get property of non-object in C:\Program Files (x86)\Zend\Apache2\htdocs\php-mvc\apphp\restaurant\protected\components\Bootstrap.php on line 125
[04-May-2014 04:46:42 UTC] PHP Fatal error:  Call to a member function getFieldsAsArray() on a non-object in C:\Program Files (x86)\Zend\Apache2\htdocs\php-mvc\apphp\restaurant\protected\components\Bootstrap.php on line 143
[05-May-2014 19:35:10 UTC] PHP Notice:  Trying to get property of non-object in C:\Program Files (x86)\Zend\Apache2\htdocs\php-mvc\apphp\restaurant\protected\components\Bootstrap.php on line 63
[05-May-2014 19:35:11 UTC] PHP Notice:  Trying to get property of non-object in C:\Program Files (x86)\Zend\Apache2\htdocs\php-mvc\apphp\restaurant\protected\components\Bootstrap.php on line 121
[05-May-2014 19:35:11 UTC] PHP Notice:  Trying to get property of non-object in C:\Program Files (x86)\Zend\Apache2\htdocs\php-mvc\apphp\restaurant\protected\components\Bootstrap.php on line 123
[05-May-2014 19:35:11 UTC] PHP Notice:  Trying to get property of non-object in C:\Program Files (x86)\Zend\Apache2\htdocs\php-mvc\apphp\restaurant\protected\components\Bootstrap.php on line 125
[05-May-2014 19:35:11 UTC] PHP Fatal error:  Call to a member function getFieldsAsArray() on a non-object in C:\Program Files (x86)\Zend\Apache2\htdocs\php-mvc\apphp\restaurant\protected\components\Bootstrap.php on line 143
